<?xml version="1.0" encoding="UTF-8"?>
<testsuite name="com.example.demo.domain.post.controller.PostControllerTest" tests="12" skipped="0" failures="0" errors="0" timestamp="2026-06-01T00:27:42.560Z" hostname="ASTERN" time="1.451">
  <properties/>
  <testcase name="게시글 삭제 - 실패 (존재하지 않음)" classname="com.example.demo.domain.post.controller.PostControllerTest" time="0.599"/>
  <testcase name="게시글 등록 실패 - 제목 누락" classname="com.example.demo.domain.post.controller.PostControllerTest" time="0.588"/>
  <testcase name="게시글 상세 조회 - 성공" classname="com.example.demo.domain.post.controller.PostControllerTest" time="0.063"/>
  <testcase name="게시글 수정 - 실패 (수정할 내용 없음)" classname="com.example.demo.domain.post.controller.PostControllerTest" time="0.021"/>
  <testcase name="게시글 등록 - 성공" classname="com.example.demo.domain.post.controller.PostControllerTest" time="0.02"/>
  <testcase name="게시글 목록 조회 - 성공" classname="com.example.demo.domain.post.controller.PostControllerTest" time="0.061"/>
  <testcase name="게시글 수정 - 실패 (잘못된 JSON 형식)" classname="com.example.demo.domain.post.controller.PostControllerTest" time="0.018"/>
  <testcase name="게시글 등록 실패 - 내용 누락" classname="com.example.demo.domain.post.controller.PostControllerTest" time="0.009"/>
  <testcase name="게시글 삭제 - 성공" classname="com.example.demo.domain.post.controller.PostControllerTest" time="0.013"/>
  <testcase name="게시글 수정 - 성공" classname="com.example.demo.domain.post.controller.PostControllerTest" time="0.021"/>
  <testcase name="게시글 상세 조회 - 실패 (존재하지 않음)" classname="com.example.demo.domain.post.controller.PostControllerTest" time="0.01"/>
  <testcase name="게시글 등록 실패 - 작성자 누락" classname="com.example.demo.domain.post.controller.PostControllerTest" time="0.01"/>
  <system-out><![CDATA[09:27:37.869 [Test worker] INFO org.springframework.test.context.support.AnnotationConfigContextLoaderUtils -- Could not detect default configuration classes for test class [com.example.demo.domain.post.controller.PostControllerTest]: PostControllerTest does not declare any static, non-private, non-final, nested classes annotated with @Configuration.
09:27:38.091 [Test worker] INFO org.springframework.boot.test.context.SpringBootTestContextBootstrapper -- Found @SpringBootConfiguration com.example.demo.DemoApplication for test class com.example.demo.domain.post.controller.PostControllerTest

  .   ____          _            __ _ _
 /\\ / ___'_ __ _ _(_)_ __  __ _ \ \ \ \
( ( )\___ | '_ | '_| | '_ \/ _` | \ \ \ \
 \\/  ___)| |_)| | | | | || (_| |  ) ) ) )
  '  |____| .__|_| |_|_| |_\__, | / / / /
 =========|_|==============|___/=/_/_/_/

 :: Spring Boot ::               (v3.5.14)

2026-06-01T09:27:38.553+09:00  INFO 37336 --- [    Test worker] c.e.d.d.p.controller.PostControllerTest  : Starting PostControllerTest using Java 21.0.8 with PID 37336 (started by aster in C:\바탕 화면\새 폴더 (4)\demo)
2026-06-01T09:27:38.555+09:00  INFO 37336 --- [    Test worker] c.e.d.d.p.controller.PostControllerTest  : The following 2 profiles are active: "secret", "local"
2026-06-01T09:27:41.074+09:00  WARN 37336 --- [    Test worker] .s.s.UserDetailsServiceAutoConfiguration : 

Using generated security password: 214d2eb7-db6c-4afb-ba14-ecf44d00fbef

This generated password is for development use only. Your security configuration must be updated before running your application in production.

2026-06-01T09:27:41.146+09:00  INFO 37336 --- [    Test worker] r$InitializeUserDetailsManagerConfigurer : Global AuthenticationManager configured with UserDetailsService bean with name inMemoryUserDetailsManager
2026-06-01T09:27:42.473+09:00  INFO 37336 --- [    Test worker] o.s.b.t.m.w.SpringBootMockServletContext : Initializing Spring TestDispatcherServlet ''
2026-06-01T09:27:42.474+09:00  INFO 37336 --- [    Test worker] o.s.t.web.servlet.TestDispatcherServlet  : Initializing Servlet ''
2026-06-01T09:27:42.476+09:00  INFO 37336 --- [    Test worker] o.s.t.web.servlet.TestDispatcherServlet  : Completed initialization in 2 ms
2026-06-01T09:27:42.544+09:00  INFO 37336 --- [    Test worker] c.e.d.d.p.controller.PostControllerTest  : Started PostControllerTest in 4.385 seconds (process running for 5.519)
]]></system-out>
  <system-err><![CDATA[Mockito is currently self-attaching to enable the inline-mock-maker. This will no longer work in future releases of the JDK. Please add Mockito as an agent to your build as described in Mockito's documentation: https://javadoc.io/doc/org.mockito/mockito-core/latest/org.mockito/org/mockito/Mockito.html#0.3
WARNING: A Java agent has been loaded dynamically (C:\Users\aster\.gradle\caches\modules-2\files-2.1\net.bytebuddy\byte-buddy-agent\1.17.8\f09415827a71be7ed621c7bd02550678f28bc81c\byte-buddy-agent-1.17.8.jar)
WARNING: If a serviceability tool is in use, please run with -XX:+EnableDynamicAgentLoading to hide this warning
WARNING: If a serviceability tool is not in use, please run with -Djdk.instrument.traceUsage for more information
WARNING: Dynamic loading of agents will be disallowed by default in a future release
]]></system-err>
</testsuite>
