<?xml version="1.0" encoding="UTF-8"?>
<testsuite name="com.example.demo.domain.post.service.PostServiceTest" tests="9" skipped="0" failures="0" errors="0" timestamp="2026-06-01T00:27:44.064Z" hostname="ASTERN" time="0.419">
  <properties/>
  <testcase name="게시글 수정 실패 - 수정할 내용이 없음" classname="com.example.demo.domain.post.service.PostServiceTest" time="0.377"/>
  <testcase name="게시글 상세 조회 실패 - 존재하지 않는 게시글" classname="com.example.demo.domain.post.service.PostServiceTest" time="0.003"/>
  <testcase name="게시글 상세 조회 성공" classname="com.example.demo.domain.post.service.PostServiceTest" time="0.011"/>
  <testcase name="게시글 등록 성공" classname="com.example.demo.domain.post.service.PostServiceTest" time="0.004"/>
  <testcase name="게시글 목록 조회 성공" classname="com.example.demo.domain.post.service.PostServiceTest" time="0.003"/>
  <testcase name="게시글 수정 실패 - 존재하지 않는 게시글" classname="com.example.demo.domain.post.service.PostServiceTest" time="0.005"/>
  <testcase name="게시글 삭제 성공" classname="com.example.demo.domain.post.service.PostServiceTest" time="0.003"/>
  <testcase name="게시글 수정 성공" classname="com.example.demo.domain.post.service.PostServiceTest" time="0.005"/>
  <testcase name="게시글 삭제 실패 - 존재하지 않는 게시글" classname="com.example.demo.domain.post.service.PostServiceTest" time="0.004"/>
  <system-out><![CDATA[]]></system-out>
  <system-err><![CDATA[]]></system-err>
</testsuite>
