<?xml version="1.0" encoding="UTF-8"?>
<testsuite name="com.example.demo.domain.user.controller.UserControllerTest" tests="9" skipped="0" failures="0" errors="0" timestamp="2026-06-01T00:27:45.238Z" hostname="ASTERN" time="0.147">
  <properties/>
  <testcase name="회원가입 실패 - 이미 가입된 이메일" classname="com.example.demo.domain.user.controller.UserControllerTest" time="0.034"/>
  <testcase name="회원가입 실패 - 이메일 누락" classname="com.example.demo.domain.user.controller.UserControllerTest" time="0.01"/>
  <testcase name="로그인 실패 - 이메일 누락" classname="com.example.demo.domain.user.controller.UserControllerTest" time="0.02"/>
  <testcase name="로그인 실패 - 비밀번호 불일치" classname="com.example.demo.domain.user.controller.UserControllerTest" time="0.01"/>
  <testcase name="회원가입 - 성공" classname="com.example.demo.domain.user.controller.UserControllerTest" time="0.028"/>
  <testcase name="회원가입 실패 - 비밀번호 누락" classname="com.example.demo.domain.user.controller.UserControllerTest" time="0.007"/>
  <testcase name="로그인 - 성공" classname="com.example.demo.domain.user.controller.UserControllerTest" time="0.012"/>
  <testcase name="로그인 실패 - 존재하지 않는 이메일" classname="com.example.demo.domain.user.controller.UserControllerTest" time="0.012"/>
  <testcase name="로그인 실패 - 비밀번호 누락" classname="com.example.demo.domain.user.controller.UserControllerTest" time="0.006"/>
  <system-out><![CDATA[2026-06-01T09:27:44.490+09:00  INFO 37336 --- [    Test worker] t.c.s.AnnotationConfigContextLoaderUtils : Could not detect default configuration classes for test class [com.example.demo.domain.user.controller.UserControllerTest]: UserControllerTest does not declare any static, non-private, non-final, nested classes annotated with @Configuration.
2026-06-01T09:27:44.540+09:00  INFO 37336 --- [    Test worker] .b.t.c.SpringBootTestContextBootstrapper : Found @SpringBootConfiguration com.example.demo.DemoApplication for test class com.example.demo.domain.user.controller.UserControllerTest

  .   ____          _            __ _ _
 /\\ / ___'_ __ _ _(_)_ __  __ _ \ \ \ \
( ( )\___ | '_ | '_| | '_ \/ _` | \ \ \ \
 \\/  ___)| |_)| | | | | || (_| |  ) ) ) )
  '  |____| .__|_| |_|_| |_\__, | / / / /
 =========|_|==============|___/=/_/_/_/

 :: Spring Boot ::               (v3.5.14)

2026-06-01T09:27:44.605+09:00  INFO 37336 --- [    Test worker] c.e.d.d.u.controller.UserControllerTest  : Starting UserControllerTest using Java 21.0.8 with PID 37336 (started by aster in C:\바탕 화면\새 폴더 (4)\demo)
2026-06-01T09:27:44.606+09:00  INFO 37336 --- [    Test worker] c.e.d.d.u.controller.UserControllerTest  : The following 2 profiles are active: "secret", "local"
2026-06-01T09:27:45.044+09:00  WARN 37336 --- [    Test worker] .s.s.UserDetailsServiceAutoConfiguration : 

Using generated security password: 7fe6b8cb-ee1a-4792-afe8-5a1c051a6186

This generated password is for development use only. Your security configuration must be updated before running your application in production.

2026-06-01T09:27:45.046+09:00  INFO 37336 --- [    Test worker] r$InitializeUserDetailsManagerConfigurer : Global AuthenticationManager configured with UserDetailsService bean with name inMemoryUserDetailsManager
2026-06-01T09:27:45.222+09:00  INFO 37336 --- [    Test worker] o.s.b.t.m.w.SpringBootMockServletContext : Initializing Spring TestDispatcherServlet ''
2026-06-01T09:27:45.222+09:00  INFO 37336 --- [    Test worker] o.s.t.web.servlet.TestDispatcherServlet  : Initializing Servlet ''
2026-06-01T09:27:45.223+09:00  INFO 37336 --- [    Test worker] o.s.t.web.servlet.TestDispatcherServlet  : Completed initialization in 1 ms
2026-06-01T09:27:45.233+09:00  INFO 37336 --- [    Test worker] c.e.d.d.u.controller.UserControllerTest  : Started UserControllerTest in 0.687 seconds (process running for 8.209)
]]></system-out>
  <system-err><![CDATA[]]></system-err>
</testsuite>
