<?xml version="1.0" encoding="UTF-8"?>
<testsuite name="com.example.demo.domain.user.controller.UserControllerTest" tests="9" skipped="0" failures="0" errors="0" timestamp="2026-06-01T00:04:17.342Z" hostname="ASTERN" time="0.059">
  <properties/>
  <testcase name="회원가입 실패 - 이미 가입된 이메일" classname="com.example.demo.domain.user.controller.UserControllerTest" time="0.015"/>
  <testcase name="회원가입 실패 - 이메일 누락" classname="com.example.demo.domain.user.controller.UserControllerTest" time="0.004"/>
  <testcase name="로그인 실패 - 이메일 누락" classname="com.example.demo.domain.user.controller.UserControllerTest" time="0.008"/>
  <testcase name="로그인 실패 - 비밀번호 불일치" classname="com.example.demo.domain.user.controller.UserControllerTest" time="0.004"/>
  <testcase name="회원가입 - 성공" classname="com.example.demo.domain.user.controller.UserControllerTest" time="0.009"/>
  <testcase name="회원가입 실패 - 비밀번호 누락" classname="com.example.demo.domain.user.controller.UserControllerTest" time="0.003"/>
  <testcase name="로그인 - 성공" classname="com.example.demo.domain.user.controller.UserControllerTest" time="0.005"/>
  <testcase name="로그인 실패 - 존재하지 않는 이메일" classname="com.example.demo.domain.user.controller.UserControllerTest" time="0.003"/>
  <testcase name="로그인 실패 - 비밀번호 누락" classname="com.example.demo.domain.user.controller.UserControllerTest" time="0.003"/>
  <system-out><![CDATA[2026-06-01T09:04:17.027+09:00  INFO 28964 --- [    Test worker] t.c.s.AnnotationConfigContextLoaderUtils : Could not detect default configuration classes for test class [com.example.demo.domain.user.controller.UserControllerTest]: UserControllerTest does not declare any static, non-private, non-final, nested classes annotated with @Configuration.
2026-06-01T09:04:17.051+09:00  INFO 28964 --- [    Test worker] .b.t.c.SpringBootTestContextBootstrapper : Found @SpringBootConfiguration com.example.demo.DemoApplication for test class com.example.demo.domain.user.controller.UserControllerTest

  .   ____          _            __ _ _
 /\\ / ___'_ __ _ _(_)_ __  __ _ \ \ \ \
( ( )\___ | '_ | '_| | '_ \/ _` | \ \ \ \
 \\/  ___)| |_)| | | | | || (_| |  ) ) ) )
  '  |____| .__|_| |_|_| |_\__, | / / / /
 =========|_|==============|___/=/_/_/_/

 :: Spring Boot ::               (v3.5.14)

2026-06-01T09:04:17.076+09:00  INFO 28964 --- [    Test worker] c.e.d.d.u.controller.UserControllerTest  : Starting UserControllerTest using Java 21.0.8 with PID 28964 (started by aster in C:\바탕 화면\새 폴더 (4)\demo)
2026-06-01T09:04:17.076+09:00  INFO 28964 --- [    Test worker] c.e.d.d.u.controller.UserControllerTest  : The following 2 profiles are active: "secret", "local"
2026-06-01T09:04:17.262+09:00  WARN 28964 --- [    Test worker] .s.s.UserDetailsServiceAutoConfiguration : 

Using generated security password: 1b56fa7e-ff7f-435f-92b1-86a9e88f66a6

This generated password is for development use only. Your security configuration must be updated before running your application in production.

2026-06-01T09:04:17.263+09:00  INFO 28964 --- [    Test worker] r$InitializeUserDetailsManagerConfigurer : Global AuthenticationManager configured with UserDetailsService bean with name inMemoryUserDetailsManager
2026-06-01T09:04:17.336+09:00  INFO 28964 --- [    Test worker] o.s.b.t.m.w.SpringBootMockServletContext : Initializing Spring TestDispatcherServlet ''
2026-06-01T09:04:17.336+09:00  INFO 28964 --- [    Test worker] o.s.t.web.servlet.TestDispatcherServlet  : Initializing Servlet ''
2026-06-01T09:04:17.337+09:00  INFO 28964 --- [    Test worker] o.s.t.web.servlet.TestDispatcherServlet  : Completed initialization in 1 ms
2026-06-01T09:04:17.341+09:00  INFO 28964 --- [    Test worker] c.e.d.d.u.controller.UserControllerTest  : Started UserControllerTest in 0.286 seconds (process running for 6.322)
]]></system-out>
  <system-err><![CDATA[]]></system-err>
</testsuite>
